<?xml version="1.0" encoding="UTF-8"?>
<testng-results ignored="0" total="2" passed="2" failed="0" skipped="0">
  <reporter-output>
  </reporter-output>
  <suite started-at="2023-08-25T11:56:21 IST" name="Suite" finished-at="2023-08-25T11:56:21 IST" duration-ms="100">
    <groups>
    </groups>
    <test started-at="2023-08-25T11:56:21 IST" name="Test" finished-at="2023-08-25T11:56:21 IST" duration-ms="100">
      <class name="testn12.Iannatation">
        <test-method signature="t1()[pri:0, instance:testn12.Iannatation@130c12b7]" started-at="2023-08-25T11:56:21 IST" name="t1" finished-at="2023-08-25T11:56:21 IST" duration-ms="14" status="PASS">
          <reporter-output>
          </reporter-output>
        </test-method> <!-- t1 -->
        <test-method signature="t2()[pri:0, instance:testn12.Iannatation@130c12b7]" started-at="2023-08-25T11:56:21 IST" name="t2" finished-at="2023-08-25T11:56:21 IST" duration-ms="3" status="PASS">
          <reporter-output>
          </reporter-output>
        </test-method> <!-- t2 -->
      </class> <!-- testn12.Iannatation -->
    </test> <!-- Test -->
  </suite> <!-- Suite -->
</testng-results>
